2020-05-23 12:53:15.958  INFO 9412 --- [restartedMain] com.caidao.JiangnanshipApplication       : Starting JiangnanshipApplication on DESKTOP-VV0H74S with PID 9412 (C:\softwore\jiangnanship\target\classes started by tom in C:\softwore\jiangnanship)
2020-05-23 12:53:15.961  INFO 9412 --- [restartedMain] com.caidao.JiangnanshipApplication       : No active profile set, falling back to default profiles: default
2020-05-23 12:53:16.031  INFO 9412 --- [restartedMain] .e.DevToolsPropertyDefaultsPostProcessor : Devtools property defaults active! Set 'spring.devtools.add-properties' to 'false' to disable
2020-05-23 12:53:16.031  INFO 9412 --- [restartedMain] .e.DevToolsPropertyDefaultsPostProcessor : For additional web related logging consider setting the 'logging.level.web' property to 'DEBUG'
2020-05-23 12:53:16.752  INFO 9412 --- [restartedMain] .s.d.r.c.RepositoryConfigurationDelegate : Multiple Spring Data modules found, entering strict repository configuration mode!
2020-05-23 12:53:16.753  INFO 9412 --- [restartedMain] .s.d.r.c.RepositoryConfigurationDelegate : Bootstrapping Spring Data Redis repositories in DEFAULT mode.
2020-05-23 12:53:16.789  INFO 9412 --- [restartedMain] .s.d.r.c.RepositoryConfigurationDelegate : Finished Spring Data repository scanning in 25ms. Found 0 Redis repository interfaces.
2020-05-23 12:53:17.015  INFO 9412 --- [restartedMain] trationDelegate$BeanPostProcessorChecker : Bean 'org.apache.shiro.spring.boot.autoconfigure.ShiroBeanAutoConfiguration' of type [org.apache.shiro.spring.boot.autoconfigure.ShiroBeanAutoConfiguration$$EnhancerBySpringCGLIB$$e0358c58] is not eligible for getting processed by all BeanPostProcessors (for example: not eligible for auto-proxying)
2020-05-23 12:53:17.027  INFO 9412 --- [restartedMain] trationDelegate$BeanPostProcessorChecker : Bean 'shiroConfig' of type [com.caidao.config.ShiroConfig$$EnhancerBySpringCGLIB$$cfe28c2e] is not eligible for getting processed by all BeanPostProcessors (for example: not eligible for auto-proxying)
2020-05-23 12:53:17.226  INFO 9412 --- [restartedMain] trationDelegate$BeanPostProcessorChecker : Bean 'mybatis-plus-com.baomidou.mybatisplus.autoconfigure.MybatisPlusProperties' of type [com.baomidou.mybatisplus.autoconfigure.MybatisPlusProperties] is not eligible for getting processed by all BeanPostProcessors (for example: not eligible for auto-proxying)
2020-05-23 12:53:17.233  INFO 9412 --- [restartedMain] trationDelegate$BeanPostProcessorChecker : Bean 'myBatisPlusConfig' of type [com.caidao.config.MyBatisPlusConfig$$EnhancerBySpringCGLIB$$19c7a02a] is not eligible for getting processed by all BeanPostProcessors (for example: not eligible for auto-proxying)
2020-05-23 12:53:17.236  INFO 9412 --- [restartedMain] trationDelegate$BeanPostProcessorChecker : Bean 'paginationInterceptor' of type [com.baomidou.mybatisplus.extension.plugins.PaginationInterceptor] is not eligible for getting processed by all BeanPostProcessors (for example: not eligible for auto-proxying)
2020-05-23 12:53:17.245  INFO 9412 --- [restartedMain] trationDelegate$BeanPostProcessorChecker : Bean 'com.baomidou.mybatisplus.autoconfigure.MybatisPlusAutoConfiguration' of type [com.baomidou.mybatisplus.autoconfigure.MybatisPlusAutoConfiguration$$EnhancerBySpringCGLIB$$ae51b42] is not eligible for getting processed by all BeanPostProcessors (for example: not eligible for auto-proxying)
2020-05-23 12:53:17.248  INFO 9412 --- [restartedMain] trationDelegate$BeanPostProcessorChecker : Bean 'dataSourceConfig' of type [com.caidao.config.DataSourceConfig$$EnhancerBySpringCGLIB$$99afce86] is not eligible for getting processed by all BeanPostProcessors (for example: not eligible for auto-proxying)
2020-05-23 12:53:17.254  INFO 9412 --- [restartedMain] trationDelegate$BeanPostProcessorChecker : Bean 'dataSource' of type [org.springframework.jdbc.datasource.DriverManagerDataSource] is not eligible for getting processed by all BeanPostProcessors (for example: not eligible for auto-proxying)
2020-05-23 12:53:17.262  INFO 9412 --- [restartedMain] trationDelegate$BeanPostProcessorChecker : Bean 'spring.datasource-org.springframework.boot.autoconfigure.jdbc.DataSourceProperties' of type [org.springframework.boot.autoconfigure.jdbc.DataSourceProperties] is not eligible for getting processed by all BeanPostProcessors (for example: not eligible for auto-proxying)
2020-05-23 12:53:17.268  INFO 9412 --- [restartedMain] trationDelegate$BeanPostProcessorChecker : Bean 'org.springframework.boot.autoconfigure.jdbc.DataSourceInitializerInvoker' of type [org.springframework.boot.autoconfigure.jdbc.DataSourceInitializerInvoker] is not eligible for getting processed by all BeanPostProcessors (for example: not eligible for auto-proxying)
2020-05-23 12:53:17.625  INFO 9412 --- [restartedMain] trationDelegate$BeanPostProcessorChecker : Bean 'sqlSessionFactory' of type [org.apache.ibatis.session.defaults.DefaultSqlSessionFactory] is not eligible for getting processed by all BeanPostProcessors (for example: not eligible for auto-proxying)
2020-05-23 12:53:17.630  INFO 9412 --- [restartedMain] trationDelegate$BeanPostProcessorChecker : Bean 'sqlSessionTemplate' of type [org.mybatis.spring.SqlSessionTemplate] is not eligible for getting processed by all BeanPostProcessors (for example: not eligible for auto-proxying)
2020-05-23 12:53:17.632  INFO 9412 --- [restartedMain] trationDelegate$BeanPostProcessorChecker : Bean 'sysUserMapper' of type [org.mybatis.spring.mapper.MapperFactoryBean] is not eligible for getting processed by all BeanPostProcessors (for example: not eligible for auto-proxying)
2020-05-23 12:53:17.635  INFO 9412 --- [restartedMain] trationDelegate$BeanPostProcessorChecker : Bean 'sysUserMapper' of type [com.sun.proxy.$Proxy97] is not eligible for getting processed by all BeanPostProcessors (for example: not eligible for auto-proxying)
2020-05-23 12:53:17.638  INFO 9412 --- [restartedMain] trationDelegate$BeanPostProcessorChecker : Bean 'sysUserRoleMapper' of type [org.mybatis.spring.mapper.MapperFactoryBean] is not eligible for getting processed by all BeanPostProcessors (for example: not eligible for auto-proxying)
2020-05-23 12:53:17.639  INFO 9412 --- [restartedMain] trationDelegate$BeanPostProcessorChecker : Bean 'sysUserRoleMapper' of type [com.sun.proxy.$Proxy98] is not eligible for getting processed by all BeanPostProcessors (for example: not eligible for auto-proxying)
2020-05-23 12:53:17.640  INFO 9412 --- [restartedMain] trationDelegate$BeanPostProcessorChecker : Bean 'sysUserServiceImpl' of type [com.caidao.service.impl.SysUserServiceImpl] is not eligible for getting processed by all BeanPostProcessors (for example: not eligible for auto-proxying)
2020-05-23 12:53:17.669  INFO 9412 --- [restartedMain] trationDelegate$BeanPostProcessorChecker : Bean 'userRealm' of type [com.caidao.config.UserRealm$$EnhancerBySpringCGLIB$$ac891bf] is not eligible for getting processed by all BeanPostProcessors (for example: not eligible for auto-proxying)
2020-05-23 12:53:17.677  INFO 9412 --- [restartedMain] trationDelegate$BeanPostProcessorChecker : Bean 'getCredentialsMatcher' of type [org.apache.shiro.authc.credential.HashedCredentialsMatcher] is not eligible for getting processed by all BeanPostProcessors (for example: not eligible for auto-proxying)
2020-05-23 12:53:17.682  INFO 9412 --- [restartedMain] trationDelegate$BeanPostProcessorChecker : Bean 'tokenSessionManage' of type [com.caidao.config.TokenSessionManage$$EnhancerBySpringCGLIB$$a8933081] is not eligible for getting processed by all BeanPostProcessors (for example: not eligible for auto-proxying)
2020-05-23 12:53:17.692  INFO 9412 --- [restartedMain] trationDelegate$BeanPostProcessorChecker : Bean 'getRedisManager' of type [org.crazycake.shiro.RedisManager] is not eligible for getting processed by all BeanPostProcessors (for example: not eligible for auto-proxying)
2020-05-23 12:53:17.695  INFO 9412 --- [restartedMain] trationDelegate$BeanPostProcessorChecker : Bean 'SessionDAO' of type [org.crazycake.shiro.RedisSessionDAO] is not eligible for getting processed by all BeanPostProcessors (for example: not eligible for auto-proxying)
2020-05-23 12:53:18.038  INFO 9412 --- [restartedMain] trationDelegate$BeanPostProcessorChecker : Bean 'defaultWebSecurityManager' of type [org.apache.shiro.web.mgt.DefaultWebSecurityManager] is not eligible for getting processed by all BeanPostProcessors (for example: not eligible for auto-proxying)
2020-05-23 12:53:18.048  INFO 9412 --- [restartedMain] trationDelegate$BeanPostProcessorChecker : Bean 'authorizationAttributeSourceAdvisor' of type [org.apache.shiro.spring.security.interceptor.AuthorizationAttributeSourceAdvisor] is not eligible for getting processed by all BeanPostProcessors (for example: not eligible for auto-proxying)
2020-05-23 12:53:18.052  INFO 9412 --- [restartedMain] trationDelegate$BeanPostProcessorChecker : Bean 'eventBus' of type [org.apache.shiro.event.support.DefaultEventBus] is not eligible for getting processed by all BeanPostProcessors (for example: not eligible for auto-proxying)
2020-05-23 12:53:18.057  INFO 9412 --- [restartedMain] trationDelegate$BeanPostProcessorChecker : Bean 'defaultShiroFilterChainDefinition' of type [org.apache.shiro.spring.web.config.DefaultShiroFilterChainDefinition] is not eligible for getting processed by all BeanPostProcessors (for example: not eligible for auto-proxying)
2020-05-23 12:53:18.069  INFO 9412 --- [restartedMain] trationDelegate$BeanPostProcessorChecker : Bean 'org.apache.shiro.spring.config.web.autoconfigure.ShiroWebFilterConfiguration' of type [org.apache.shiro.spring.config.web.autoconfigure.ShiroWebFilterConfiguration$$EnhancerBySpringCGLIB$$373c51f9] is not eligible for getting processed by all BeanPostProcessors (for example: not eligible for auto-proxying)
2020-05-23 12:53:18.433  INFO 9412 --- [restartedMain] o.s.b.w.embedded.tomcat.TomcatWebServer  : Tomcat initialized with port(s): 8080 (http)
2020-05-23 12:53:18.441  INFO 9412 --- [restartedMain] o.apache.catalina.core.StandardService   : Starting service [Tomcat]
2020-05-23 12:53:18.441  INFO 9412 --- [restartedMain] org.apache.catalina.core.StandardEngine  : Starting Servlet engine: [Apache Tomcat/9.0.34]
2020-05-23 12:53:18.541  INFO 9412 --- [restartedMain] o.a.c.c.C.[Tomcat].[localhost].[/]       : Initializing Spring embedded WebApplicationContext
2020-05-23 12:53:18.541  INFO 9412 --- [restartedMain] o.s.web.context.ContextLoader            : Root WebApplicationContext: initialization completed in 2510 ms
2020-05-23 12:53:19.493  INFO 9412 --- [restartedMain] aultActiviti5CompatibilityHandlerFactory : Activiti 5 compatibility handler implementation not found or error during instantiation : org.activiti.compatibility.DefaultActiviti5CompatibilityHandler. Activiti 5 backwards compatibility disabled.
2020-05-23 12:53:20.253  INFO 9412 --- [restartedMain] o.a.engine.impl.ProcessEngineImpl        : ProcessEngine default created
2020-05-23 12:53:21.750  INFO 9412 --- [restartedMain] pertySourcedRequestMappingHandlerMapping : Mapped URL path [/v2/api-docs] onto method [springfox.documentation.swagger2.web.Swagger2Controller#getDocumentation(String, HttpServletRequest)]
2020-05-23 12:53:21.903  INFO 9412 --- [restartedMain] o.s.s.concurrent.ThreadPoolTaskExecutor  : Initializing ExecutorService 'applicationTaskExecutor'
2020-05-23 12:53:21.931  INFO 9412 --- [restartedMain] o.s.b.d.a.OptionalLiveReloadServer       : LiveReload server is running on port 35729
2020-05-23 12:53:22.443  INFO 9412 --- [restartedMain] d.s.w.p.DocumentationPluginsBootstrapper : Context refreshed
2020-05-23 12:53:22.455  INFO 9412 --- [restartedMain] d.s.w.p.DocumentationPluginsBootstrapper : Found 1 custom documentation plugin(s)
2020-05-23 12:53:22.485  INFO 9412 --- [restartedMain] s.d.s.w.s.ApiListingReferenceScanner     : Scanning for api listing references
2020-05-23 12:53:22.613  INFO 9412 --- [restartedMain] .d.s.w.r.o.CachingOperationNameGenerator : Generating unique operation named: logoutUsingPOST_1
2020-05-23 12:53:22.697  INFO 9412 --- [restartedMain] .d.s.w.r.o.CachingOperationNameGenerator : Generating unique operation named: getRoleListUsingGET_1
2020-05-23 12:53:22.742  INFO 9412 --- [restartedMain] o.s.b.w.embedded.tomcat.TomcatWebServer  : Tomcat started on port(s): 8080 (http) with context path ''
2020-05-23 12:53:22.744  INFO 9412 --- [restartedMain] com.caidao.JiangnanshipApplication       : Started JiangnanshipApplication in 7.257 seconds (JVM running for 8.135)
2020-05-23 12:53:44.243  INFO 6232 --- [main] com.caidao.JiangnanShipApplicationTests  : Starting JiangnanShipApplicationTests on DESKTOP-VV0H74S with PID 6232 (started by tom in C:\softwore\jiangnanship)
2020-05-23 12:53:44.244  INFO 6232 --- [main] com.caidao.JiangnanShipApplicationTests  : No active profile set, falling back to default profiles: default
2020-05-23 12:53:45.143  INFO 6232 --- [main] .s.d.r.c.RepositoryConfigurationDelegate : Multiple Spring Data modules found, entering strict repository configuration mode!
2020-05-23 12:53:45.145  INFO 6232 --- [main] .s.d.r.c.RepositoryConfigurationDelegate : Bootstrapping Spring Data Redis repositories in DEFAULT mode.
2020-05-23 12:53:45.185  INFO 6232 --- [main] .s.d.r.c.RepositoryConfigurationDelegate : Finished Spring Data repository scanning in 28ms. Found 0 Redis repository interfaces.
2020-05-23 12:53:45.591  INFO 6232 --- [main] trationDelegate$BeanPostProcessorChecker : Bean 'org.apache.shiro.spring.boot.autoconfigure.ShiroBeanAutoConfiguration' of type [org.apache.shiro.spring.boot.autoconfigure.ShiroBeanAutoConfiguration$$EnhancerBySpringCGLIB$$caa833b4] is not eligible for getting processed by all BeanPostProcessors (for example: not eligible for auto-proxying)
2020-05-23 12:53:45.609  INFO 6232 --- [main] trationDelegate$BeanPostProcessorChecker : Bean 'shiroConfig' of type [com.caidao.config.ShiroConfig$$EnhancerBySpringCGLIB$$ba55338a] is not eligible for getting processed by all BeanPostProcessors (for example: not eligible for auto-proxying)
2020-05-23 12:53:46.024  INFO 6232 --- [main] trationDelegate$BeanPostProcessorChecker : Bean 'mybatis-plus-com.baomidou.mybatisplus.autoconfigure.MybatisPlusProperties' of type [com.baomidou.mybatisplus.autoconfigure.MybatisPlusProperties] is not eligible for getting processed by all BeanPostProcessors (for example: not eligible for auto-proxying)
2020-05-23 12:53:46.035  INFO 6232 --- [main] trationDelegate$BeanPostProcessorChecker : Bean 'myBatisPlusConfig' of type [com.caidao.config.MyBatisPlusConfig$$EnhancerBySpringCGLIB$$43a4786] is not eligible for getting processed by all BeanPostProcessors (for example: not eligible for auto-proxying)
2020-05-23 12:53:46.041  INFO 6232 --- [main] trationDelegate$BeanPostProcessorChecker : Bean 'paginationInterceptor' of type [com.baomidou.mybatisplus.extension.plugins.PaginationInterceptor] is not eligible for getting processed by all BeanPostProcessors (for example: not eligible for auto-proxying)
2020-05-23 12:53:46.053  INFO 6232 --- [main] trationDelegate$BeanPostProcessorChecker : Bean 'com.baomidou.mybatisplus.autoconfigure.MybatisPlusAutoConfiguration' of type [com.baomidou.mybatisplus.autoconfigure.MybatisPlusAutoConfiguration$$EnhancerBySpringCGLIB$$f557c29e] is not eligible for getting processed by all BeanPostProcessors (for example: not eligible for auto-proxying)
2020-05-23 12:53:46.060  INFO 6232 --- [main] trationDelegate$BeanPostProcessorChecker : Bean 'dataSourceConfig' of type [com.caidao.config.DataSourceConfig$$EnhancerBySpringCGLIB$$842275e2] is not eligible for getting processed by all BeanPostProcessors (for example: not eligible for auto-proxying)
2020-05-23 12:53:46.071  INFO 6232 --- [main] trationDelegate$BeanPostProcessorChecker : Bean 'dataSource' of type [org.springframework.jdbc.datasource.DriverManagerDataSource] is not eligible for getting processed by all BeanPostProcessors (for example: not eligible for auto-proxying)
2020-05-23 12:53:46.085  INFO 6232 --- [main] trationDelegate$BeanPostProcessorChecker : Bean 'spring.datasource-org.springframework.boot.autoconfigure.jdbc.DataSourceProperties' of type [org.springframework.boot.autoconfigure.jdbc.DataSourceProperties] is not eligible for getting processed by all BeanPostProcessors (for example: not eligible for auto-proxying)
2020-05-23 12:53:46.095  INFO 6232 --- [main] trationDelegate$BeanPostProcessorChecker : Bean 'org.springframework.boot.autoconfigure.jdbc.DataSourceInitializerInvoker' of type [org.springframework.boot.autoconfigure.jdbc.DataSourceInitializerInvoker] is not eligible for getting processed by all BeanPostProcessors (for example: not eligible for auto-proxying)
2020-05-23 12:53:46.571  INFO 6232 --- [main] trationDelegate$BeanPostProcessorChecker : Bean 'sqlSessionFactory' of type [org.apache.ibatis.session.defaults.DefaultSqlSessionFactory] is not eligible for getting processed by all BeanPostProcessors (for example: not eligible for auto-proxying)
2020-05-23 12:53:46.586  INFO 6232 --- [main] trationDelegate$BeanPostProcessorChecker : Bean 'sqlSessionTemplate' of type [org.mybatis.spring.SqlSessionTemplate] is not eligible for getting processed by all BeanPostProcessors (for example: not eligible for auto-proxying)
2020-05-23 12:53:46.589  INFO 6232 --- [main] trationDelegate$BeanPostProcessorChecker : Bean 'sysUserMapper' of type [org.mybatis.spring.mapper.MapperFactoryBean] is not eligible for getting processed by all BeanPostProcessors (for example: not eligible for auto-proxying)
2020-05-23 12:53:46.593  INFO 6232 --- [main] trationDelegate$BeanPostProcessorChecker : Bean 'sysUserMapper' of type [com.sun.proxy.$Proxy103] is not eligible for getting processed by all BeanPostProcessors (for example: not eligible for auto-proxying)
2020-05-23 12:53:46.598  INFO 6232 --- [main] trationDelegate$BeanPostProcessorChecker : Bean 'sysUserRoleMapper' of type [org.mybatis.spring.mapper.MapperFactoryBean] is not eligible for getting processed by all BeanPostProcessors (for example: not eligible for auto-proxying)
2020-05-23 12:53:46.600  INFO 6232 --- [main] trationDelegate$BeanPostProcessorChecker : Bean 'sysUserRoleMapper' of type [com.sun.proxy.$Proxy104] is not eligible for getting processed by all BeanPostProcessors (for example: not eligible for auto-proxying)
2020-05-23 12:53:46.601  INFO 6232 --- [main] trationDelegate$BeanPostProcessorChecker : Bean 'sysUserServiceImpl' of type [com.caidao.service.impl.SysUserServiceImpl] is not eligible for getting processed by all BeanPostProcessors (for example: not eligible for auto-proxying)
2020-05-23 12:53:46.638  INFO 6232 --- [main] trationDelegate$BeanPostProcessorChecker : Bean 'userRealm' of type [com.caidao.config.UserRealm$$EnhancerBySpringCGLIB$$f53b391b] is not eligible for getting processed by all BeanPostProcessors (for example: not eligible for auto-proxying)
2020-05-23 12:53:46.650  INFO 6232 --- [main] trationDelegate$BeanPostProcessorChecker : Bean 'getCredentialsMatcher' of type [org.apache.shiro.authc.credential.HashedCredentialsMatcher] is not eligible for getting processed by all BeanPostProcessors (for example: not eligible for auto-proxying)
2020-05-23 12:53:46.664  INFO 6232 --- [main] trationDelegate$BeanPostProcessorChecker : Bean 'tokenSessionManage' of type [com.caidao.config.TokenSessionManage$$EnhancerBySpringCGLIB$$9305d7dd] is not eligible for getting processed by all BeanPostProcessors (for example: not eligible for auto-proxying)
2020-05-23 12:53:46.676  INFO 6232 --- [main] trationDelegate$BeanPostProcessorChecker : Bean 'getRedisManager' of type [org.crazycake.shiro.RedisManager] is not eligible for getting processed by all BeanPostProcessors (for example: not eligible for auto-proxying)
2020-05-23 12:53:46.683  INFO 6232 --- [main] trationDelegate$BeanPostProcessorChecker : Bean 'SessionDAO' of type [org.crazycake.shiro.RedisSessionDAO] is not eligible for getting processed by all BeanPostProcessors (for example: not eligible for auto-proxying)
2020-05-23 12:53:47.317  INFO 6232 --- [main] trationDelegate$BeanPostProcessorChecker : Bean 'defaultWebSecurityManager' of type [org.apache.shiro.web.mgt.DefaultWebSecurityManager] is not eligible for getting processed by all BeanPostProcessors (for example: not eligible for auto-proxying)
2020-05-23 12:53:47.332  INFO 6232 --- [main] trationDelegate$BeanPostProcessorChecker : Bean 'authorizationAttributeSourceAdvisor' of type [org.apache.shiro.spring.security.interceptor.AuthorizationAttributeSourceAdvisor] is not eligible for getting processed by all BeanPostProcessors (for example: not eligible for auto-proxying)
2020-05-23 12:53:47.342  INFO 6232 --- [main] trationDelegate$BeanPostProcessorChecker : Bean 'eventBus' of type [org.apache.shiro.event.support.DefaultEventBus] is not eligible for getting processed by all BeanPostProcessors (for example: not eligible for auto-proxying)
2020-05-23 12:53:47.352  INFO 6232 --- [main] trationDelegate$BeanPostProcessorChecker : Bean 'defaultShiroFilterChainDefinition' of type [org.apache.shiro.spring.web.config.DefaultShiroFilterChainDefinition] is not eligible for getting processed by all BeanPostProcessors (for example: not eligible for auto-proxying)
2020-05-23 12:53:47.374  INFO 6232 --- [main] trationDelegate$BeanPostProcessorChecker : Bean 'org.apache.shiro.spring.config.web.autoconfigure.ShiroWebFilterConfiguration' of type [org.apache.shiro.spring.config.web.autoconfigure.ShiroWebFilterConfiguration$$EnhancerBySpringCGLIB$$21aef955] is not eligible for getting processed by all BeanPostProcessors (for example: not eligible for auto-proxying)
2020-05-23 12:53:48.413  INFO 6232 --- [main] aultActiviti5CompatibilityHandlerFactory : Activiti 5 compatibility handler implementation not found or error during instantiation : org.activiti.compatibility.DefaultActiviti5CompatibilityHandler. Activiti 5 backwards compatibility disabled.
2020-05-23 12:53:49.103  INFO 6232 --- [main] o.a.engine.impl.ProcessEngineImpl        : ProcessEngine default created
2020-05-23 12:53:51.256  INFO 6232 --- [main] pertySourcedRequestMappingHandlerMapping : Mapped URL path [/v2/api-docs] onto method [springfox.documentation.swagger2.web.Swagger2Controller#getDocumentation(String, HttpServletRequest)]
2020-05-23 12:53:51.603  INFO 6232 --- [main] o.s.s.concurrent.ThreadPoolTaskExecutor  : Initializing ExecutorService 'applicationTaskExecutor'
2020-05-23 12:53:52.108  INFO 6232 --- [main] d.s.w.p.DocumentationPluginsBootstrapper : Context refreshed
2020-05-23 12:53:52.129  INFO 6232 --- [main] d.s.w.p.DocumentationPluginsBootstrapper : Found 1 custom documentation plugin(s)
2020-05-23 12:53:52.165  INFO 6232 --- [main] s.d.s.w.s.ApiListingReferenceScanner     : Scanning for api listing references
2020-05-23 12:53:52.328  INFO 6232 --- [main] .d.s.w.r.o.CachingOperationNameGenerator : Generating unique operation named: logoutUsingPOST_1
2020-05-23 12:53:52.426  INFO 6232 --- [main] .d.s.w.r.o.CachingOperationNameGenerator : Generating unique operation named: getRoleListUsingGET_1
2020-05-23 12:53:52.456  INFO 6232 --- [main] com.caidao.JiangnanShipApplicationTests  : Started JiangnanShipApplicationTests in 8.62 seconds (JVM running for 9.566)
2020-05-23 12:53:52.649  INFO 6232 --- [main] com.caidao.JiangnanShipApplicationTests  : 开始记录日志...
2020-05-23 12:53:52.649  INFO 6232 --- [main] com.caidao.JiangnanShipApplicationTests  : 循环打印0到10之间的整数
2020-05-23 12:53:52.650  INFO 6232 --- [main] com.caidao.JiangnanShipApplicationTests  : 结束日志!
2020-05-23 12:53:52.667  INFO 6232 --- [SpringContextShutdownHook] o.s.s.concurrent.ThreadPoolTaskExecutor  : Shutting down ExecutorService 'applicationTaskExecutor'
2020-05-23 12:53:52.668  INFO 6232 --- [SpringContextShutdownHook] o.s.j.e.a.AnnotationMBeanExporter        : Could not unregister MBean [com.github.tobato.fastdfs.domain.conn:name=fdfsConnectionPool,type=FdfsConnectionPool] as said MBean is not registered (perhaps already unregistered by an external process)
2020-05-23 12:59:30.890  INFO 9412 --- [SpringContextShutdownHook] o.s.s.concurrent.ThreadPoolTaskExecutor  : Shutting down ExecutorService 'applicationTaskExecutor'
2020-05-23 12:59:30.891  INFO 9412 --- [SpringContextShutdownHook] o.s.j.e.a.AnnotationMBeanExporter        : Could not unregister MBean [com.github.tobato.fastdfs.domain.conn:name=fdfsConnectionPool,type=FdfsConnectionPool] as said MBean is not registered (perhaps already unregistered by an external process)
